<?xml version="1.0" encoding="UTF-8"?>
<testsuite name="ListTests" tests="1" skipped="0" failures="0" errors="0" timestamp="2021-01-22T18:15:09" hostname="IVO-PC" time="0.018">
  <properties/>
  <testcase name="testAllToThePowerTwo()" classname="ListTests" time="0.018"/>
  <system-out><![CDATA[]]></system-out>
  <system-err><![CDATA[]]></system-err>
</testsuite>
